2018-09-03T15:22:54+02:00 INFO (6): Metaform\Controller\MetaformController: getList {"requestId":"16413cca88bde7a7cbe86a81e0d13e9a"}
2018-09-03T19:00:47+02:00 INFO (6): Metaform\Controller\MetaformController: get for id - 66 {"requestId":"ff9043da4ec89cf10b66760d116aed77"}
2018-09-04T06:30:28+02:00 INFO (6): Metaform\Controller\MetaformController: get for id - 66 {"requestId":"5c3e859aa2cdf5fb1d129c50b29d0b4f"}
2018-09-04T09:41:10+02:00 INFO (6): Metaform\Controller\MetaformController: getList {"requestId":"2ae74d367e0ddc3eea1a7e1eb27493f9"}
2018-09-04T09:41:10+02:00 INFO (6): Metaform\Controller\MetaformController: get for id - 122 {"requestId":"2ae74d367e0ddc3eea1a7e1eb27493f9"}
2018-09-04T09:41:10+02:00 INFO (6): Metaform\Controller\MetaformController: get for id - 122 {"requestId":"2ae74d367e0ddc3eea1a7e1eb27493f9"}
2018-09-04T09:41:10+02:00 INFO (6): Metaform\Controller\MetaformController: create -  {"requestId":"2ae74d367e0ddc3eea1a7e1eb27493f9"}
2018-09-04T09:41:10+02:00 INFO (6): Metaform\Controller\MetaformController: create -  {"requestId":"2ae74d367e0ddc3eea1a7e1eb27493f9"}
2018-09-04T09:41:10+02:00 INFO (6): Metaform\Controller\MetaformController: update for id - 122  {"requestId":"2ae74d367e0ddc3eea1a7e1eb27493f9"}
2018-09-04T09:41:10+02:00 INFO (6): Metaform\Controller\MetaformController: update for id - 122  {"requestId":"2ae74d367e0ddc3eea1a7e1eb27493f9"}
2018-09-04T09:41:10+02:00 INFO (6): Metaform\Controller\MetaformController: update for id - 122  {"requestId":"2ae74d367e0ddc3eea1a7e1eb27493f9"}
2018-09-04T09:41:10+02:00 INFO (6): Metaform\Controller\MetaformController: delete for id - 122 {"requestId":"2ae74d367e0ddc3eea1a7e1eb27493f9"}
2018-09-04T09:41:10+02:00 INFO (6): Metaform\Controller\MetaformController: delete for id - 122 {"requestId":"2ae74d367e0ddc3eea1a7e1eb27493f9"}
2018-09-04T09:44:03+02:00 INFO (6): Metaform\Controller\MetafieldController: getList {"requestId":"dc756f599a5e272c3fa7ee9a2ab2f1b2"}
2018-09-04T09:44:03+02:00 INFO (6): Metaform\Controller\MetafieldController: get for id - 122 {"requestId":"dc756f599a5e272c3fa7ee9a2ab2f1b2"}
2018-09-04T09:44:03+02:00 INFO (6): Metaform\Controller\MetafieldController: get for id - 122 {"requestId":"dc756f599a5e272c3fa7ee9a2ab2f1b2"}
2018-09-04T09:44:03+02:00 INFO (6): Metaform\Controller\MetafieldController: create -  {"requestId":"dc756f599a5e272c3fa7ee9a2ab2f1b2"}
2018-09-04T09:44:03+02:00 INFO (6): Metaform\Controller\MetafieldController: create -  {"requestId":"dc756f599a5e272c3fa7ee9a2ab2f1b2"}
2018-09-04T09:44:03+02:00 INFO (6): Metaform\Controller\MetafieldController: create -  {"requestId":"dc756f599a5e272c3fa7ee9a2ab2f1b2"}
2018-09-04T09:44:03+02:00 INFO (6): Metaform\Controller\MetafieldController: update for id - 122  {"requestId":"dc756f599a5e272c3fa7ee9a2ab2f1b2"}
2018-09-04T09:44:03+02:00 INFO (6): Metaform\Controller\MetafieldController: update for id - 122  {"requestId":"dc756f599a5e272c3fa7ee9a2ab2f1b2"}
2018-09-04T09:44:03+02:00 INFO (6): Metaform\Controller\MetafieldController: update for id - 122  {"requestId":"dc756f599a5e272c3fa7ee9a2ab2f1b2"}
2018-09-04T09:44:03+02:00 INFO (6): Metaform\Controller\MetafieldController: update for id - 122  {"requestId":"dc756f599a5e272c3fa7ee9a2ab2f1b2"}
2018-09-04T09:44:03+02:00 INFO (6): Metaform\Controller\MetafieldController: delete for id - 122 {"requestId":"dc756f599a5e272c3fa7ee9a2ab2f1b2"}
2018-09-04T09:44:03+02:00 INFO (6): Metaform\Controller\MetafieldController: delete for id - 122 {"requestId":"dc756f599a5e272c3fa7ee9a2ab2f1b2"}
2018-09-04T09:44:03+02:00 INFO (6): Metaform\Controller\MetaformController: getList {"requestId":"dc756f599a5e272c3fa7ee9a2ab2f1b2"}
2018-09-04T09:44:03+02:00 INFO (6): Metaform\Controller\MetaformController: get for id - 122 {"requestId":"dc756f599a5e272c3fa7ee9a2ab2f1b2"}
2018-09-04T09:44:03+02:00 INFO (6): Metaform\Controller\MetaformController: get for id - 122 {"requestId":"dc756f599a5e272c3fa7ee9a2ab2f1b2"}
2018-09-04T09:44:03+02:00 INFO (6): Metaform\Controller\MetaformController: create -  {"requestId":"dc756f599a5e272c3fa7ee9a2ab2f1b2"}
2018-09-04T09:44:03+02:00 INFO (6): Metaform\Controller\MetaformController: create -  {"requestId":"dc756f599a5e272c3fa7ee9a2ab2f1b2"}
2018-09-04T09:44:03+02:00 INFO (6): Metaform\Controller\MetaformController: update for id - 122  {"requestId":"dc756f599a5e272c3fa7ee9a2ab2f1b2"}
2018-09-04T09:44:03+02:00 INFO (6): Metaform\Controller\MetaformController: update for id - 122  {"requestId":"dc756f599a5e272c3fa7ee9a2ab2f1b2"}
2018-09-04T09:44:03+02:00 INFO (6): Metaform\Controller\MetaformController: update for id - 122  {"requestId":"dc756f599a5e272c3fa7ee9a2ab2f1b2"}
2018-09-04T09:44:03+02:00 INFO (6): Metaform\Controller\MetaformController: delete for id - 122 {"requestId":"dc756f599a5e272c3fa7ee9a2ab2f1b2"}
2018-09-04T09:44:03+02:00 INFO (6): Metaform\Controller\MetaformController: delete for id - 122 {"requestId":"dc756f599a5e272c3fa7ee9a2ab2f1b2"}
2018-09-04T09:47:12+02:00 INFO (6): Metaform\Controller\MetafieldController: getList {"requestId":"2d9611841b92c196c6c11dd0a692ce5e"}
2018-09-04T09:47:12+02:00 INFO (6): Metaform\Controller\MetafieldController: get for id - 122 {"requestId":"2d9611841b92c196c6c11dd0a692ce5e"}
2018-09-04T09:47:12+02:00 INFO (6): Metaform\Controller\MetafieldController: get for id - 122 {"requestId":"2d9611841b92c196c6c11dd0a692ce5e"}
2018-09-04T09:47:12+02:00 INFO (6): Metaform\Controller\MetafieldController: create -  {"requestId":"2d9611841b92c196c6c11dd0a692ce5e"}
2018-09-04T09:47:12+02:00 INFO (6): Metaform\Controller\MetafieldController: create -  {"requestId":"2d9611841b92c196c6c11dd0a692ce5e"}
2018-09-04T09:47:12+02:00 INFO (6): Metaform\Controller\MetafieldController: create -  {"requestId":"2d9611841b92c196c6c11dd0a692ce5e"}
2018-09-04T09:47:12+02:00 INFO (6): Metaform\Controller\MetafieldController: update for id - 122  {"requestId":"2d9611841b92c196c6c11dd0a692ce5e"}
2018-09-04T09:47:12+02:00 INFO (6): Metaform\Controller\MetafieldController: update for id - 122  {"requestId":"2d9611841b92c196c6c11dd0a692ce5e"}
2018-09-04T09:47:12+02:00 INFO (6): Metaform\Controller\MetafieldController: update for id - 122  {"requestId":"2d9611841b92c196c6c11dd0a692ce5e"}
2018-09-04T09:47:12+02:00 INFO (6): Metaform\Controller\MetafieldController: update for id - 122  {"requestId":"2d9611841b92c196c6c11dd0a692ce5e"}
2018-09-04T09:47:12+02:00 INFO (6): Metaform\Controller\MetafieldController: delete for id - 122 {"requestId":"2d9611841b92c196c6c11dd0a692ce5e"}
2018-09-04T09:47:12+02:00 INFO (6): Metaform\Controller\MetafieldController: delete for id - 122 {"requestId":"2d9611841b92c196c6c11dd0a692ce5e"}
2018-09-04T09:47:12+02:00 INFO (6): Metaform\Controller\MetaformController: getList {"requestId":"2d9611841b92c196c6c11dd0a692ce5e"}
2018-09-04T09:47:12+02:00 INFO (6): Metaform\Controller\MetaformController: get for id - 122 {"requestId":"2d9611841b92c196c6c11dd0a692ce5e"}
2018-09-04T09:47:12+02:00 INFO (6): Metaform\Controller\MetaformController: get for id - 122 {"requestId":"2d9611841b92c196c6c11dd0a692ce5e"}
2018-09-04T09:47:12+02:00 INFO (6): Metaform\Controller\MetaformController: create -  {"requestId":"2d9611841b92c196c6c11dd0a692ce5e"}
2018-09-04T09:47:12+02:00 INFO (6): Metaform\Controller\MetaformController: create -  {"requestId":"2d9611841b92c196c6c11dd0a692ce5e"}
2018-09-04T09:47:12+02:00 INFO (6): Metaform\Controller\MetaformController: update for id - 122  {"requestId":"2d9611841b92c196c6c11dd0a692ce5e"}
2018-09-04T09:47:12+02:00 INFO (6): Metaform\Controller\MetaformController: update for id - 122  {"requestId":"2d9611841b92c196c6c11dd0a692ce5e"}
2018-09-04T09:47:12+02:00 INFO (6): Metaform\Controller\MetaformController: update for id - 122  {"requestId":"2d9611841b92c196c6c11dd0a692ce5e"}
2018-09-04T09:47:12+02:00 INFO (6): Metaform\Controller\MetaformController: delete for id - 122 {"requestId":"2d9611841b92c196c6c11dd0a692ce5e"}
2018-09-04T09:47:12+02:00 INFO (6): Metaform\Controller\MetaformController: delete for id - 122 {"requestId":"2d9611841b92c196c6c11dd0a692ce5e"}
2018-09-04T09:50:47+02:00 INFO (6): Metaform\Controller\MetafieldController: getList {"requestId":"943a68d65d330b79c9ac23d0bf5ecdde"}
2018-09-04T09:50:47+02:00 INFO (6): Metaform\Controller\MetafieldController: get for id - 122 {"requestId":"943a68d65d330b79c9ac23d0bf5ecdde"}
2018-09-04T09:50:47+02:00 INFO (6): Metaform\Controller\MetafieldController: get for id - 122 {"requestId":"943a68d65d330b79c9ac23d0bf5ecdde"}
2018-09-04T09:50:47+02:00 INFO (6): Metaform\Controller\MetafieldController: create -  {"requestId":"943a68d65d330b79c9ac23d0bf5ecdde"}
2018-09-04T09:50:47+02:00 INFO (6): Metaform\Controller\MetafieldController: create -  {"requestId":"943a68d65d330b79c9ac23d0bf5ecdde"}
2018-09-04T09:50:47+02:00 INFO (6): Metaform\Controller\MetafieldController: create -  {"requestId":"943a68d65d330b79c9ac23d0bf5ecdde"}
2018-09-04T09:50:47+02:00 INFO (6): Metaform\Controller\MetafieldController: update for id - 122  {"requestId":"943a68d65d330b79c9ac23d0bf5ecdde"}
2018-09-04T09:50:47+02:00 INFO (6): Metaform\Controller\MetafieldController: update for id - 122  {"requestId":"943a68d65d330b79c9ac23d0bf5ecdde"}
2018-09-04T09:50:47+02:00 INFO (6): Metaform\Controller\MetafieldController: update for id - 122  {"requestId":"943a68d65d330b79c9ac23d0bf5ecdde"}
2018-09-04T09:50:47+02:00 INFO (6): Metaform\Controller\MetafieldController: update for id - 122  {"requestId":"943a68d65d330b79c9ac23d0bf5ecdde"}
2018-09-04T09:50:47+02:00 INFO (6): Metaform\Controller\MetafieldController: delete for id - 122 {"requestId":"943a68d65d330b79c9ac23d0bf5ecdde"}
2018-09-04T09:50:47+02:00 INFO (6): Metaform\Controller\MetafieldController: delete for id - 122 {"requestId":"943a68d65d330b79c9ac23d0bf5ecdde"}
2018-09-04T09:50:47+02:00 INFO (6): Metaform\Controller\MetaformController: getList {"requestId":"943a68d65d330b79c9ac23d0bf5ecdde"}
2018-09-04T09:50:47+02:00 INFO (6): Metaform\Controller\MetaformController: get for id - 122 {"requestId":"943a68d65d330b79c9ac23d0bf5ecdde"}
2018-09-04T09:50:47+02:00 INFO (6): Metaform\Controller\MetaformController: get for id - 122 {"requestId":"943a68d65d330b79c9ac23d0bf5ecdde"}
2018-09-04T09:50:47+02:00 INFO (6): Metaform\Controller\MetaformController: create -  {"requestId":"943a68d65d330b79c9ac23d0bf5ecdde"}
2018-09-04T09:50:47+02:00 INFO (6): Metaform\Controller\MetaformController: create -  {"requestId":"943a68d65d330b79c9ac23d0bf5ecdde"}
2018-09-04T09:50:47+02:00 INFO (6): Metaform\Controller\MetaformController: update for id - 122  {"requestId":"943a68d65d330b79c9ac23d0bf5ecdde"}
2018-09-04T09:50:47+02:00 INFO (6): Metaform\Controller\MetaformController: update for id - 122  {"requestId":"943a68d65d330b79c9ac23d0bf5ecdde"}
2018-09-04T09:50:47+02:00 INFO (6): Metaform\Controller\MetaformController: update for id - 122  {"requestId":"943a68d65d330b79c9ac23d0bf5ecdde"}
2018-09-04T09:50:47+02:00 INFO (6): Metaform\Controller\MetaformController: delete for id - 122 {"requestId":"943a68d65d330b79c9ac23d0bf5ecdde"}
2018-09-04T09:50:47+02:00 INFO (6): Metaform\Controller\MetaformController: delete for id - 122 {"requestId":"943a68d65d330b79c9ac23d0bf5ecdde"}
2018-09-04T09:53:18+02:00 INFO (6): Metaform\Controller\MetafieldController: getList {"requestId":"c624a5114ff58a9d3cca2fee88534e86"}
2018-09-04T09:53:18+02:00 INFO (6): Metaform\Controller\MetafieldController: get for id - 122 {"requestId":"c624a5114ff58a9d3cca2fee88534e86"}
2018-09-04T09:53:18+02:00 INFO (6): Metaform\Controller\MetafieldController: get for id - 122 {"requestId":"c624a5114ff58a9d3cca2fee88534e86"}
2018-09-04T09:53:18+02:00 INFO (6): Metaform\Controller\MetafieldController: create -  {"requestId":"c624a5114ff58a9d3cca2fee88534e86"}
2018-09-04T09:53:18+02:00 INFO (6): Metaform\Controller\MetafieldController: create -  {"requestId":"c624a5114ff58a9d3cca2fee88534e86"}
2018-09-04T09:53:18+02:00 INFO (6): Metaform\Controller\MetafieldController: create -  {"requestId":"c624a5114ff58a9d3cca2fee88534e86"}
2018-09-04T09:53:18+02:00 INFO (6): Metaform\Controller\MetafieldController: update for id - 122  {"requestId":"c624a5114ff58a9d3cca2fee88534e86"}
2018-09-04T09:53:18+02:00 INFO (6): Metaform\Controller\MetafieldController: update for id - 122  {"requestId":"c624a5114ff58a9d3cca2fee88534e86"}
2018-09-04T09:53:18+02:00 INFO (6): Metaform\Controller\MetafieldController: update for id - 122  {"requestId":"c624a5114ff58a9d3cca2fee88534e86"}
2018-09-04T09:53:18+02:00 INFO (6): Metaform\Controller\MetafieldController: update for id - 122  {"requestId":"c624a5114ff58a9d3cca2fee88534e86"}
2018-09-04T09:53:18+02:00 INFO (6): Metaform\Controller\MetafieldController: delete for id - 122 {"requestId":"c624a5114ff58a9d3cca2fee88534e86"}
2018-09-04T09:53:18+02:00 INFO (6): Metaform\Controller\MetafieldController: delete for id - 122 {"requestId":"c624a5114ff58a9d3cca2fee88534e86"}
2018-09-04T09:53:18+02:00 INFO (6): Metaform\Controller\MetaformController: getList {"requestId":"c624a5114ff58a9d3cca2fee88534e86"}
2018-09-04T09:53:18+02:00 INFO (6): Metaform\Controller\MetaformController: get for id - 122 {"requestId":"c624a5114ff58a9d3cca2fee88534e86"}
2018-09-04T09:53:18+02:00 INFO (6): Metaform\Controller\MetaformController: get for id - 122 {"requestId":"c624a5114ff58a9d3cca2fee88534e86"}
2018-09-04T09:53:18+02:00 INFO (6): Metaform\Controller\MetaformController: create -  {"requestId":"c624a5114ff58a9d3cca2fee88534e86"}
2018-09-04T09:53:18+02:00 INFO (6): Metaform\Controller\MetaformController: create -  {"requestId":"c624a5114ff58a9d3cca2fee88534e86"}
2018-09-04T09:53:18+02:00 INFO (6): Metaform\Controller\MetaformController: update for id - 122  {"requestId":"c624a5114ff58a9d3cca2fee88534e86"}
2018-09-04T09:53:18+02:00 INFO (6): Metaform\Controller\MetaformController: update for id - 122  {"requestId":"c624a5114ff58a9d3cca2fee88534e86"}
2018-09-04T09:53:18+02:00 INFO (6): Metaform\Controller\MetaformController: update for id - 122  {"requestId":"c624a5114ff58a9d3cca2fee88534e86"}
2018-09-04T09:53:18+02:00 INFO (6): Metaform\Controller\MetaformController: delete for id - 122 {"requestId":"c624a5114ff58a9d3cca2fee88534e86"}
2018-09-04T09:53:18+02:00 INFO (6): Metaform\Controller\MetaformController: delete for id - 122 {"requestId":"c624a5114ff58a9d3cca2fee88534e86"}
2018-09-04T09:55:07+02:00 INFO (6): Metaform\Controller\MetafieldController: getList {"requestId":"b56d64319a81df5eaded9d7e1ee3337f"}
2018-09-04T09:55:07+02:00 INFO (6): Metaform\Controller\MetafieldController: get for id - 122 {"requestId":"b56d64319a81df5eaded9d7e1ee3337f"}
2018-09-04T09:55:07+02:00 INFO (6): Metaform\Controller\MetafieldController: get for id - 122 {"requestId":"b56d64319a81df5eaded9d7e1ee3337f"}
2018-09-04T09:55:07+02:00 INFO (6): Metaform\Controller\MetafieldController: create -  {"requestId":"b56d64319a81df5eaded9d7e1ee3337f"}
2018-09-04T09:55:07+02:00 INFO (6): Metaform\Controller\MetafieldController: create -  {"requestId":"b56d64319a81df5eaded9d7e1ee3337f"}
2018-09-04T09:55:07+02:00 INFO (6): Metaform\Controller\MetafieldController: create -  {"requestId":"b56d64319a81df5eaded9d7e1ee3337f"}
2018-09-04T09:55:07+02:00 INFO (6): Metaform\Controller\MetafieldController: update for id - 122  {"requestId":"b56d64319a81df5eaded9d7e1ee3337f"}
2018-09-04T09:55:07+02:00 INFO (6): Metaform\Controller\MetafieldController: update for id - 122  {"requestId":"b56d64319a81df5eaded9d7e1ee3337f"}
2018-09-04T09:55:07+02:00 INFO (6): Metaform\Controller\MetafieldController: update for id - 122  {"requestId":"b56d64319a81df5eaded9d7e1ee3337f"}
2018-09-04T09:55:07+02:00 INFO (6): Metaform\Controller\MetafieldController: update for id - 122  {"requestId":"b56d64319a81df5eaded9d7e1ee3337f"}
2018-09-04T09:55:07+02:00 INFO (6): Metaform\Controller\MetafieldController: delete for id - 122 {"requestId":"b56d64319a81df5eaded9d7e1ee3337f"}
2018-09-04T09:55:07+02:00 INFO (6): Metaform\Controller\MetafieldController: delete for id - 122 {"requestId":"b56d64319a81df5eaded9d7e1ee3337f"}
2018-09-04T09:55:07+02:00 INFO (6): Metaform\Controller\MetaformController: getList {"requestId":"b56d64319a81df5eaded9d7e1ee3337f"}
2018-09-04T09:55:07+02:00 INFO (6): Metaform\Controller\MetaformController: get for id - 122 {"requestId":"b56d64319a81df5eaded9d7e1ee3337f"}
2018-09-04T09:55:07+02:00 INFO (6): Metaform\Controller\MetaformController: get for id - 122 {"requestId":"b56d64319a81df5eaded9d7e1ee3337f"}
2018-09-04T09:55:07+02:00 INFO (6): Metaform\Controller\MetaformController: create -  {"requestId":"b56d64319a81df5eaded9d7e1ee3337f"}
2018-09-04T09:55:07+02:00 INFO (6): Metaform\Controller\MetaformController: create -  {"requestId":"b56d64319a81df5eaded9d7e1ee3337f"}
2018-09-04T09:55:07+02:00 INFO (6): Metaform\Controller\MetaformController: update for id - 122  {"requestId":"b56d64319a81df5eaded9d7e1ee3337f"}
2018-09-04T09:55:07+02:00 INFO (6): Metaform\Controller\MetaformController: update for id - 122  {"requestId":"b56d64319a81df5eaded9d7e1ee3337f"}
2018-09-04T09:55:07+02:00 INFO (6): Metaform\Controller\MetaformController: update for id - 122  {"requestId":"b56d64319a81df5eaded9d7e1ee3337f"}
2018-09-04T09:55:07+02:00 INFO (6): Metaform\Controller\MetaformController: delete for id - 122 {"requestId":"b56d64319a81df5eaded9d7e1ee3337f"}
2018-09-04T09:55:07+02:00 INFO (6): Metaform\Controller\MetaformController: delete for id - 122 {"requestId":"b56d64319a81df5eaded9d7e1ee3337f"}
2018-09-04T10:05:12+02:00 INFO (6): Metaform\Controller\MetafieldController: getList {"requestId":"2bdfba0b08c274381ae0b6e578094218"}
2018-09-04T10:05:12+02:00 INFO (6): Metaform\Controller\MetafieldController: get for id - 122 {"requestId":"2bdfba0b08c274381ae0b6e578094218"}
2018-09-04T10:05:12+02:00 INFO (6): Metaform\Controller\MetafieldController: get for id - 122 {"requestId":"2bdfba0b08c274381ae0b6e578094218"}
2018-09-04T10:05:12+02:00 INFO (6): Metaform\Controller\MetafieldController: create -  {"requestId":"2bdfba0b08c274381ae0b6e578094218"}
2018-09-04T10:05:12+02:00 INFO (6): Metaform\Controller\MetafieldController: create -  {"requestId":"2bdfba0b08c274381ae0b6e578094218"}
2018-09-04T10:05:12+02:00 INFO (6): Metaform\Controller\MetafieldController: create -  {"requestId":"2bdfba0b08c274381ae0b6e578094218"}
2018-09-04T10:05:12+02:00 INFO (6): Metaform\Controller\MetafieldController: update for id - 122  {"requestId":"2bdfba0b08c274381ae0b6e578094218"}
2018-09-04T10:05:12+02:00 INFO (6): Metaform\Controller\MetafieldController: update for id - 122  {"requestId":"2bdfba0b08c274381ae0b6e578094218"}
2018-09-04T10:05:12+02:00 INFO (6): Metaform\Controller\MetafieldController: update for id - 122  {"requestId":"2bdfba0b08c274381ae0b6e578094218"}
2018-09-04T10:05:12+02:00 INFO (6): Metaform\Controller\MetafieldController: update for id - 122  {"requestId":"2bdfba0b08c274381ae0b6e578094218"}
2018-09-04T10:05:12+02:00 INFO (6): Metaform\Controller\MetafieldController: delete for id - 122 {"requestId":"2bdfba0b08c274381ae0b6e578094218"}
2018-09-04T10:05:12+02:00 INFO (6): Metaform\Controller\MetafieldController: delete for id - 122 {"requestId":"2bdfba0b08c274381ae0b6e578094218"}
2018-09-04T10:05:12+02:00 INFO (6): Metaform\Controller\MetaformController: getList {"requestId":"2bdfba0b08c274381ae0b6e578094218"}
2018-09-04T10:05:12+02:00 INFO (6): Metaform\Controller\MetaformController: get for id - 122 {"requestId":"2bdfba0b08c274381ae0b6e578094218"}
2018-09-04T10:05:12+02:00 INFO (6): Metaform\Controller\MetaformController: get for id - 122 {"requestId":"2bdfba0b08c274381ae0b6e578094218"}
2018-09-04T10:05:12+02:00 INFO (6): Metaform\Controller\MetaformController: create -  {"requestId":"2bdfba0b08c274381ae0b6e578094218"}
2018-09-04T10:05:12+02:00 INFO (6): Metaform\Controller\MetaformController: create -  {"requestId":"2bdfba0b08c274381ae0b6e578094218"}
2018-09-04T10:05:12+02:00 INFO (6): Metaform\Controller\MetaformController: update for id - 122  {"requestId":"2bdfba0b08c274381ae0b6e578094218"}
2018-09-04T10:05:12+02:00 INFO (6): Metaform\Controller\MetaformController: update for id - 122  {"requestId":"2bdfba0b08c274381ae0b6e578094218"}
2018-09-04T10:05:12+02:00 INFO (6): Metaform\Controller\MetaformController: update for id - 122  {"requestId":"2bdfba0b08c274381ae0b6e578094218"}
2018-09-04T10:05:12+02:00 INFO (6): Metaform\Controller\MetaformController: delete for id - 122 {"requestId":"2bdfba0b08c274381ae0b6e578094218"}
2018-09-04T10:05:12+02:00 INFO (6): Metaform\Controller\MetaformController: delete for id - 122 {"requestId":"2bdfba0b08c274381ae0b6e578094218"}
2018-09-04T10:06:34+02:00 INFO (6): Metaform\Controller\MetafieldController: getList {"requestId":"cb3cad066f29e4acaa1c260f22dac518"}
2018-09-04T10:06:34+02:00 INFO (6): Metaform\Controller\MetafieldController: get for id - 122 {"requestId":"cb3cad066f29e4acaa1c260f22dac518"}
2018-09-04T10:06:34+02:00 INFO (6): Metaform\Controller\MetafieldController: get for id - 122 {"requestId":"cb3cad066f29e4acaa1c260f22dac518"}
2018-09-04T10:06:34+02:00 INFO (6): Metaform\Controller\MetafieldController: create -  {"requestId":"cb3cad066f29e4acaa1c260f22dac518"}
2018-09-04T10:06:34+02:00 INFO (6): Metaform\Controller\MetafieldController: create -  {"requestId":"cb3cad066f29e4acaa1c260f22dac518"}
2018-09-04T10:06:34+02:00 INFO (6): Metaform\Controller\MetafieldController: create -  {"requestId":"cb3cad066f29e4acaa1c260f22dac518"}
2018-09-04T10:06:34+02:00 INFO (6): Metaform\Controller\MetafieldController: update for id - 122  {"requestId":"cb3cad066f29e4acaa1c260f22dac518"}
2018-09-04T10:06:34+02:00 INFO (6): Metaform\Controller\MetafieldController: update for id - 122  {"requestId":"cb3cad066f29e4acaa1c260f22dac518"}
2018-09-04T10:06:34+02:00 INFO (6): Metaform\Controller\MetafieldController: update for id - 122  {"requestId":"cb3cad066f29e4acaa1c260f22dac518"}
2018-09-04T10:06:34+02:00 INFO (6): Metaform\Controller\MetafieldController: update for id - 122  {"requestId":"cb3cad066f29e4acaa1c260f22dac518"}
2018-09-04T10:06:34+02:00 INFO (6): Metaform\Controller\MetafieldController: delete for id - 122 {"requestId":"cb3cad066f29e4acaa1c260f22dac518"}
2018-09-04T10:06:34+02:00 INFO (6): Metaform\Controller\MetafieldController: delete for id - 122 {"requestId":"cb3cad066f29e4acaa1c260f22dac518"}
2018-09-04T10:06:34+02:00 INFO (6): Metaform\Controller\MetaformController: getList {"requestId":"cb3cad066f29e4acaa1c260f22dac518"}
2018-09-04T10:06:34+02:00 INFO (6): Metaform\Controller\MetaformController: get for id - 122 {"requestId":"cb3cad066f29e4acaa1c260f22dac518"}
2018-09-04T10:06:34+02:00 INFO (6): Metaform\Controller\MetaformController: get for id - 122 {"requestId":"cb3cad066f29e4acaa1c260f22dac518"}
2018-09-04T10:06:34+02:00 INFO (6): Metaform\Controller\MetaformController: create -  {"requestId":"cb3cad066f29e4acaa1c260f22dac518"}
2018-09-04T10:06:34+02:00 INFO (6): Metaform\Controller\MetaformController: create -  {"requestId":"cb3cad066f29e4acaa1c260f22dac518"}
2018-09-04T10:06:34+02:00 INFO (6): Metaform\Controller\MetaformController: update for id - 122  {"requestId":"cb3cad066f29e4acaa1c260f22dac518"}
2018-09-04T10:06:34+02:00 INFO (6): Metaform\Controller\MetaformController: update for id - 122  {"requestId":"cb3cad066f29e4acaa1c260f22dac518"}
2018-09-04T10:06:34+02:00 INFO (6): Metaform\Controller\MetaformController: update for id - 122  {"requestId":"cb3cad066f29e4acaa1c260f22dac518"}
2018-09-04T10:06:34+02:00 INFO (6): Metaform\Controller\MetaformController: delete for id - 122 {"requestId":"cb3cad066f29e4acaa1c260f22dac518"}
2018-09-04T10:06:34+02:00 INFO (6): Metaform\Controller\MetaformController: delete for id - 122 {"requestId":"cb3cad066f29e4acaa1c260f22dac518"}
2018-09-04T10:18:51+02:00 INFO (6): Metaform\Controller\MetafieldController: getList {"requestId":"3a72a0439e54f74bb20721605c33fa20"}
2018-09-04T10:18:51+02:00 INFO (6): Metaform\Controller\MetafieldController: get for id - 122 {"requestId":"3a72a0439e54f74bb20721605c33fa20"}
2018-09-04T10:18:51+02:00 INFO (6): Metaform\Controller\MetafieldController: get for id - 122 {"requestId":"3a72a0439e54f74bb20721605c33fa20"}
2018-09-04T10:18:51+02:00 INFO (6): Metaform\Controller\MetafieldController: create -  {"requestId":"3a72a0439e54f74bb20721605c33fa20"}
2018-09-04T10:18:51+02:00 INFO (6): Metaform\Controller\MetafieldController: create -  {"requestId":"3a72a0439e54f74bb20721605c33fa20"}
2018-09-04T10:18:51+02:00 INFO (6): Metaform\Controller\MetafieldController: create -  {"requestId":"3a72a0439e54f74bb20721605c33fa20"}
2018-09-04T10:18:51+02:00 INFO (6): Metaform\Controller\MetafieldController: update for id - 122  {"requestId":"3a72a0439e54f74bb20721605c33fa20"}
2018-09-04T10:18:51+02:00 INFO (6): Metaform\Controller\MetafieldController: update for id - 122  {"requestId":"3a72a0439e54f74bb20721605c33fa20"}
2018-09-04T10:18:51+02:00 INFO (6): Metaform\Controller\MetafieldController: update for id - 122  {"requestId":"3a72a0439e54f74bb20721605c33fa20"}
2018-09-04T10:18:51+02:00 INFO (6): Metaform\Controller\MetafieldController: update for id - 122  {"requestId":"3a72a0439e54f74bb20721605c33fa20"}
2018-09-04T10:18:51+02:00 INFO (6): Metaform\Controller\MetafieldController: delete for id - 122 {"requestId":"3a72a0439e54f74bb20721605c33fa20"}
2018-09-04T10:18:51+02:00 INFO (6): Metaform\Controller\MetafieldController: delete for id - 122 {"requestId":"3a72a0439e54f74bb20721605c33fa20"}
2018-09-04T10:18:51+02:00 INFO (6): Metaform\Controller\MetaformController: getList {"requestId":"3a72a0439e54f74bb20721605c33fa20"}
2018-09-04T10:18:51+02:00 INFO (6): Metaform\Controller\MetaformController: get for id - 122 {"requestId":"3a72a0439e54f74bb20721605c33fa20"}
2018-09-04T10:18:51+02:00 INFO (6): Metaform\Controller\MetaformController: get for id - 122 {"requestId":"3a72a0439e54f74bb20721605c33fa20"}
2018-09-04T10:18:51+02:00 INFO (6): Metaform\Controller\MetaformController: create -  {"requestId":"3a72a0439e54f74bb20721605c33fa20"}
2018-09-04T10:18:51+02:00 INFO (6): Metaform\Controller\MetaformController: create -  {"requestId":"3a72a0439e54f74bb20721605c33fa20"}
2018-09-04T10:18:51+02:00 INFO (6): Metaform\Controller\MetaformController: update for id - 122  {"requestId":"3a72a0439e54f74bb20721605c33fa20"}
2018-09-04T10:18:51+02:00 INFO (6): Metaform\Controller\MetaformController: update for id - 122  {"requestId":"3a72a0439e54f74bb20721605c33fa20"}
2018-09-04T10:18:51+02:00 INFO (6): Metaform\Controller\MetaformController: update for id - 122  {"requestId":"3a72a0439e54f74bb20721605c33fa20"}
2018-09-04T10:18:51+02:00 INFO (6): Metaform\Controller\MetaformController: delete for id - 122 {"requestId":"3a72a0439e54f74bb20721605c33fa20"}
2018-09-04T10:18:51+02:00 INFO (6): Metaform\Controller\MetaformController: delete for id - 122 {"requestId":"3a72a0439e54f74bb20721605c33fa20"}
2018-09-04T10:19:11+02:00 INFO (6): Metaform\Controller\MetafieldController: getList {"requestId":"c101bf3324ae251aa9f69d17acd5f763"}
2018-09-04T10:19:11+02:00 INFO (6): Metaform\Controller\MetafieldController: get for id - 122 {"requestId":"c101bf3324ae251aa9f69d17acd5f763"}
2018-09-04T10:19:11+02:00 INFO (6): Metaform\Controller\MetafieldController: get for id - 122 {"requestId":"c101bf3324ae251aa9f69d17acd5f763"}
2018-09-04T10:19:11+02:00 INFO (6): Metaform\Controller\MetafieldController: create -  {"requestId":"c101bf3324ae251aa9f69d17acd5f763"}
2018-09-04T10:19:11+02:00 INFO (6): Metaform\Controller\MetafieldController: create -  {"requestId":"c101bf3324ae251aa9f69d17acd5f763"}
2018-09-04T10:19:11+02:00 INFO (6): Metaform\Controller\MetafieldController: create -  {"requestId":"c101bf3324ae251aa9f69d17acd5f763"}
2018-09-04T10:19:11+02:00 INFO (6): Metaform\Controller\MetafieldController: update for id - 122  {"requestId":"c101bf3324ae251aa9f69d17acd5f763"}
2018-09-04T10:19:11+02:00 INFO (6): Metaform\Controller\MetafieldController: update for id - 122  {"requestId":"c101bf3324ae251aa9f69d17acd5f763"}
2018-09-04T10:19:11+02:00 INFO (6): Metaform\Controller\MetafieldController: update for id - 122  {"requestId":"c101bf3324ae251aa9f69d17acd5f763"}
2018-09-04T10:19:11+02:00 INFO (6): Metaform\Controller\MetafieldController: update for id - 122  {"requestId":"c101bf3324ae251aa9f69d17acd5f763"}
2018-09-04T10:19:11+02:00 INFO (6): Metaform\Controller\MetafieldController: delete for id - 122 {"requestId":"c101bf3324ae251aa9f69d17acd5f763"}
2018-09-04T10:19:11+02:00 INFO (6): Metaform\Controller\MetafieldController: delete for id - 122 {"requestId":"c101bf3324ae251aa9f69d17acd5f763"}
2018-09-04T10:19:11+02:00 INFO (6): Metaform\Controller\MetaformController: getList {"requestId":"c101bf3324ae251aa9f69d17acd5f763"}
2018-09-04T10:19:11+02:00 INFO (6): Metaform\Controller\MetaformController: get for id - 122 {"requestId":"c101bf3324ae251aa9f69d17acd5f763"}
2018-09-04T10:19:11+02:00 INFO (6): Metaform\Controller\MetaformController: get for id - 122 {"requestId":"c101bf3324ae251aa9f69d17acd5f763"}
2018-09-04T10:19:11+02:00 INFO (6): Metaform\Controller\MetaformController: create -  {"requestId":"c101bf3324ae251aa9f69d17acd5f763"}
2018-09-04T10:19:11+02:00 INFO (6): Metaform\Controller\MetaformController: create -  {"requestId":"c101bf3324ae251aa9f69d17acd5f763"}
2018-09-04T10:19:11+02:00 INFO (6): Metaform\Controller\MetaformController: update for id - 122  {"requestId":"c101bf3324ae251aa9f69d17acd5f763"}
2018-09-04T10:19:11+02:00 INFO (6): Metaform\Controller\MetaformController: update for id - 122  {"requestId":"c101bf3324ae251aa9f69d17acd5f763"}
2018-09-04T10:19:11+02:00 INFO (6): Metaform\Controller\MetaformController: update for id - 122  {"requestId":"c101bf3324ae251aa9f69d17acd5f763"}
2018-09-04T10:19:11+02:00 INFO (6): Metaform\Controller\MetaformController: delete for id - 122 {"requestId":"c101bf3324ae251aa9f69d17acd5f763"}
2018-09-04T10:19:11+02:00 INFO (6): Metaform\Controller\MetaformController: delete for id - 122 {"requestId":"c101bf3324ae251aa9f69d17acd5f763"}
2018-09-04T10:23:50+02:00 INFO (6): Metaform\Controller\MetafieldController: getList {"requestId":"337dee10c7e396c4c0a93c69e100138c"}
2018-09-04T10:23:50+02:00 INFO (6): Metaform\Controller\MetafieldController: get for id - 122 {"requestId":"337dee10c7e396c4c0a93c69e100138c"}
2018-09-04T10:23:50+02:00 INFO (6): Metaform\Controller\MetafieldController: get for id - 122 {"requestId":"337dee10c7e396c4c0a93c69e100138c"}
2018-09-04T10:23:50+02:00 INFO (6): Metaform\Controller\MetafieldController: create -  {"requestId":"337dee10c7e396c4c0a93c69e100138c"}
2018-09-04T10:23:50+02:00 INFO (6): Metaform\Controller\MetafieldController: create -  {"requestId":"337dee10c7e396c4c0a93c69e100138c"}
2018-09-04T10:23:50+02:00 INFO (6): Metaform\Controller\MetafieldController: create -  {"requestId":"337dee10c7e396c4c0a93c69e100138c"}
2018-09-04T10:23:50+02:00 INFO (6): Metaform\Controller\MetafieldController: update for id - 122  {"requestId":"337dee10c7e396c4c0a93c69e100138c"}
2018-09-04T10:23:50+02:00 INFO (6): Metaform\Controller\MetafieldController: update for id - 122  {"requestId":"337dee10c7e396c4c0a93c69e100138c"}
2018-09-04T10:23:50+02:00 INFO (6): Metaform\Controller\MetafieldController: update for id - 122  {"requestId":"337dee10c7e396c4c0a93c69e100138c"}
2018-09-04T10:23:50+02:00 INFO (6): Metaform\Controller\MetafieldController: update for id - 122  {"requestId":"337dee10c7e396c4c0a93c69e100138c"}
2018-09-04T10:23:50+02:00 INFO (6): Metaform\Controller\MetafieldController: delete for id - 122 {"requestId":"337dee10c7e396c4c0a93c69e100138c"}
2018-09-04T10:23:50+02:00 INFO (6): Metaform\Controller\MetafieldController: delete for id - 122 {"requestId":"337dee10c7e396c4c0a93c69e100138c"}
2018-09-04T10:23:50+02:00 INFO (6): Metaform\Controller\MetaformController: getList {"requestId":"337dee10c7e396c4c0a93c69e100138c"}
2018-09-04T10:23:50+02:00 INFO (6): Metaform\Controller\MetaformController: get for id - 122 {"requestId":"337dee10c7e396c4c0a93c69e100138c"}
2018-09-04T10:23:50+02:00 INFO (6): Metaform\Controller\MetaformController: get for id - 122 {"requestId":"337dee10c7e396c4c0a93c69e100138c"}
2018-09-04T10:23:50+02:00 INFO (6): Metaform\Controller\MetaformController: create -  {"requestId":"337dee10c7e396c4c0a93c69e100138c"}
2018-09-04T10:23:50+02:00 INFO (6): Metaform\Controller\MetaformController: create -  {"requestId":"337dee10c7e396c4c0a93c69e100138c"}
2018-09-04T10:23:50+02:00 INFO (6): Metaform\Controller\MetaformController: update for id - 122  {"requestId":"337dee10c7e396c4c0a93c69e100138c"}
2018-09-04T10:23:50+02:00 INFO (6): Metaform\Controller\MetaformController: update for id - 122  {"requestId":"337dee10c7e396c4c0a93c69e100138c"}
2018-09-04T10:23:50+02:00 INFO (6): Metaform\Controller\MetaformController: update for id - 122  {"requestId":"337dee10c7e396c4c0a93c69e100138c"}
2018-09-04T10:23:50+02:00 INFO (6): Metaform\Controller\MetaformController: delete for id - 122 {"requestId":"337dee10c7e396c4c0a93c69e100138c"}
2018-09-04T10:23:50+02:00 INFO (6): Metaform\Controller\MetaformController: delete for id - 122 {"requestId":"337dee10c7e396c4c0a93c69e100138c"}
2018-09-04T10:27:35+02:00 INFO (6): Metaform\Controller\MetafieldController: getList {"requestId":"08113c1a74f02f69aecebbb4f8871951"}
2018-09-04T10:27:35+02:00 INFO (6): Metaform\Controller\MetafieldController: get for id - 122 {"requestId":"08113c1a74f02f69aecebbb4f8871951"}
2018-09-04T10:27:35+02:00 INFO (6): Metaform\Controller\MetafieldController: get for id - 122 {"requestId":"08113c1a74f02f69aecebbb4f8871951"}
2018-09-04T10:27:35+02:00 INFO (6): Metaform\Controller\MetafieldController: create -  {"requestId":"08113c1a74f02f69aecebbb4f8871951"}
2018-09-04T10:27:35+02:00 INFO (6): Metaform\Controller\MetafieldController: create -  {"requestId":"08113c1a74f02f69aecebbb4f8871951"}
2018-09-04T10:27:35+02:00 INFO (6): Metaform\Controller\MetafieldController: create -  {"requestId":"08113c1a74f02f69aecebbb4f8871951"}
2018-09-04T10:27:35+02:00 INFO (6): Metaform\Controller\MetafieldController: update for id - 122  {"requestId":"08113c1a74f02f69aecebbb4f8871951"}
2018-09-04T10:27:35+02:00 INFO (6): Metaform\Controller\MetafieldController: update for id - 122  {"requestId":"08113c1a74f02f69aecebbb4f8871951"}
2018-09-04T10:27:35+02:00 INFO (6): Metaform\Controller\MetafieldController: update for id - 122  {"requestId":"08113c1a74f02f69aecebbb4f8871951"}
2018-09-04T10:27:35+02:00 INFO (6): Metaform\Controller\MetafieldController: update for id - 122  {"requestId":"08113c1a74f02f69aecebbb4f8871951"}
2018-09-04T10:27:35+02:00 INFO (6): Metaform\Controller\MetafieldController: delete for id - 122 {"requestId":"08113c1a74f02f69aecebbb4f8871951"}
2018-09-04T10:27:35+02:00 INFO (6): Metaform\Controller\MetafieldController: delete for id - 122 {"requestId":"08113c1a74f02f69aecebbb4f8871951"}
2018-09-04T10:27:35+02:00 INFO (6): Metaform\Controller\MetaformController: getList {"requestId":"08113c1a74f02f69aecebbb4f8871951"}
2018-09-04T10:27:35+02:00 INFO (6): Metaform\Controller\MetaformController: get for id - 122 {"requestId":"08113c1a74f02f69aecebbb4f8871951"}
2018-09-04T10:27:35+02:00 INFO (6): Metaform\Controller\MetaformController: get for id - 122 {"requestId":"08113c1a74f02f69aecebbb4f8871951"}
2018-09-04T10:27:35+02:00 INFO (6): Metaform\Controller\MetaformController: create -  {"requestId":"08113c1a74f02f69aecebbb4f8871951"}
2018-09-04T10:27:35+02:00 INFO (6): Metaform\Controller\MetaformController: create -  {"requestId":"08113c1a74f02f69aecebbb4f8871951"}
2018-09-04T10:27:35+02:00 INFO (6): Metaform\Controller\MetaformController: update for id - 122  {"requestId":"08113c1a74f02f69aecebbb4f8871951"}
2018-09-04T10:27:35+02:00 INFO (6): Metaform\Controller\MetaformController: update for id - 122  {"requestId":"08113c1a74f02f69aecebbb4f8871951"}
2018-09-04T10:27:35+02:00 INFO (6): Metaform\Controller\MetaformController: update for id - 122  {"requestId":"08113c1a74f02f69aecebbb4f8871951"}
2018-09-04T10:27:35+02:00 INFO (6): Metaform\Controller\MetaformController: delete for id - 122 {"requestId":"08113c1a74f02f69aecebbb4f8871951"}
2018-09-04T10:27:35+02:00 INFO (6): Metaform\Controller\MetaformController: delete for id - 122 {"requestId":"08113c1a74f02f69aecebbb4f8871951"}
2018-09-04T10:27:50+02:00 INFO (6): Metaform\Controller\MetafieldController: getList {"requestId":"fd2761eb48fed12d3825d1867432a48e"}
2018-09-04T10:27:50+02:00 INFO (6): Metaform\Controller\MetafieldController: get for id - 122 {"requestId":"fd2761eb48fed12d3825d1867432a48e"}
2018-09-04T10:27:50+02:00 INFO (6): Metaform\Controller\MetafieldController: get for id - 122 {"requestId":"fd2761eb48fed12d3825d1867432a48e"}
2018-09-04T10:27:50+02:00 INFO (6): Metaform\Controller\MetafieldController: create -  {"requestId":"fd2761eb48fed12d3825d1867432a48e"}
2018-09-04T10:27:50+02:00 INFO (6): Metaform\Controller\MetafieldController: create -  {"requestId":"fd2761eb48fed12d3825d1867432a48e"}
2018-09-04T10:27:50+02:00 INFO (6): Metaform\Controller\MetafieldController: create -  {"requestId":"fd2761eb48fed12d3825d1867432a48e"}
2018-09-04T10:27:50+02:00 INFO (6): Metaform\Controller\MetafieldController: update for id - 122  {"requestId":"fd2761eb48fed12d3825d1867432a48e"}
2018-09-04T10:27:50+02:00 INFO (6): Metaform\Controller\MetafieldController: update for id - 122  {"requestId":"fd2761eb48fed12d3825d1867432a48e"}
2018-09-04T10:27:50+02:00 INFO (6): Metaform\Controller\MetafieldController: update for id - 122  {"requestId":"fd2761eb48fed12d3825d1867432a48e"}
2018-09-04T10:27:50+02:00 INFO (6): Metaform\Controller\MetafieldController: update for id - 122  {"requestId":"fd2761eb48fed12d3825d1867432a48e"}
2018-09-04T10:27:50+02:00 INFO (6): Metaform\Controller\MetafieldController: delete for id - 122 {"requestId":"fd2761eb48fed12d3825d1867432a48e"}
2018-09-04T10:27:50+02:00 INFO (6): Metaform\Controller\MetafieldController: delete for id - 122 {"requestId":"fd2761eb48fed12d3825d1867432a48e"}
2018-09-04T10:27:50+02:00 INFO (6): Metaform\Controller\MetaformController: getList {"requestId":"fd2761eb48fed12d3825d1867432a48e"}
2018-09-04T10:27:50+02:00 INFO (6): Metaform\Controller\MetaformController: get for id - 122 {"requestId":"fd2761eb48fed12d3825d1867432a48e"}
2018-09-04T10:27:50+02:00 INFO (6): Metaform\Controller\MetaformController: get for id - 122 {"requestId":"fd2761eb48fed12d3825d1867432a48e"}
2018-09-04T10:27:50+02:00 INFO (6): Metaform\Controller\MetaformController: create -  {"requestId":"fd2761eb48fed12d3825d1867432a48e"}
2018-09-04T10:27:50+02:00 INFO (6): Metaform\Controller\MetaformController: create -  {"requestId":"fd2761eb48fed12d3825d1867432a48e"}
2018-09-04T10:27:50+02:00 INFO (6): Metaform\Controller\MetaformController: update for id - 122  {"requestId":"fd2761eb48fed12d3825d1867432a48e"}
2018-09-04T10:27:50+02:00 INFO (6): Metaform\Controller\MetaformController: update for id - 122  {"requestId":"fd2761eb48fed12d3825d1867432a48e"}
2018-09-04T10:27:50+02:00 INFO (6): Metaform\Controller\MetaformController: update for id - 122  {"requestId":"fd2761eb48fed12d3825d1867432a48e"}
2018-09-04T10:27:50+02:00 INFO (6): Metaform\Controller\MetaformController: delete for id - 122 {"requestId":"fd2761eb48fed12d3825d1867432a48e"}
2018-09-04T10:27:50+02:00 INFO (6): Metaform\Controller\MetaformController: delete for id - 122 {"requestId":"fd2761eb48fed12d3825d1867432a48e"}
2018-09-04T10:28:10+02:00 INFO (6): Metaform\Controller\MetafieldController: getList {"requestId":"f93080f97e7407821cb01ae33613db09"}
2018-09-04T10:28:10+02:00 INFO (6): Metaform\Controller\MetafieldController: get for id - 122 {"requestId":"f93080f97e7407821cb01ae33613db09"}
2018-09-04T10:28:10+02:00 INFO (6): Metaform\Controller\MetafieldController: get for id - 122 {"requestId":"f93080f97e7407821cb01ae33613db09"}
2018-09-04T10:28:10+02:00 INFO (6): Metaform\Controller\MetafieldController: create -  {"requestId":"f93080f97e7407821cb01ae33613db09"}
2018-09-04T10:28:10+02:00 INFO (6): Metaform\Controller\MetafieldController: create -  {"requestId":"f93080f97e7407821cb01ae33613db09"}
2018-09-04T10:28:10+02:00 INFO (6): Metaform\Controller\MetafieldController: create -  {"requestId":"f93080f97e7407821cb01ae33613db09"}
2018-09-04T10:28:10+02:00 INFO (6): Metaform\Controller\MetafieldController: update for id - 122  {"requestId":"f93080f97e7407821cb01ae33613db09"}
2018-09-04T10:28:10+02:00 INFO (6): Metaform\Controller\MetafieldController: update for id - 122  {"requestId":"f93080f97e7407821cb01ae33613db09"}
2018-09-04T10:28:10+02:00 INFO (6): Metaform\Controller\MetafieldController: update for id - 122  {"requestId":"f93080f97e7407821cb01ae33613db09"}
2018-09-04T10:28:10+02:00 INFO (6): Metaform\Controller\MetafieldController: update for id - 122  {"requestId":"f93080f97e7407821cb01ae33613db09"}
2018-09-04T10:28:10+02:00 INFO (6): Metaform\Controller\MetafieldController: delete for id - 122 {"requestId":"f93080f97e7407821cb01ae33613db09"}
2018-09-04T10:28:10+02:00 INFO (6): Metaform\Controller\MetafieldController: delete for id - 122 {"requestId":"f93080f97e7407821cb01ae33613db09"}
2018-09-04T10:28:10+02:00 INFO (6): Metaform\Controller\MetaformController: getList {"requestId":"f93080f97e7407821cb01ae33613db09"}
2018-09-04T10:28:10+02:00 INFO (6): Metaform\Controller\MetaformController: get for id - 122 {"requestId":"f93080f97e7407821cb01ae33613db09"}
2018-09-04T10:28:10+02:00 INFO (6): Metaform\Controller\MetaformController: get for id - 122 {"requestId":"f93080f97e7407821cb01ae33613db09"}
2018-09-04T10:28:10+02:00 INFO (6): Metaform\Controller\MetaformController: create -  {"requestId":"f93080f97e7407821cb01ae33613db09"}
2018-09-04T10:28:10+02:00 INFO (6): Metaform\Controller\MetaformController: create -  {"requestId":"f93080f97e7407821cb01ae33613db09"}
2018-09-04T10:28:10+02:00 INFO (6): Metaform\Controller\MetaformController: update for id - 122  {"requestId":"f93080f97e7407821cb01ae33613db09"}
2018-09-04T10:28:10+02:00 INFO (6): Metaform\Controller\MetaformController: update for id - 122  {"requestId":"f93080f97e7407821cb01ae33613db09"}
2018-09-04T10:28:10+02:00 INFO (6): Metaform\Controller\MetaformController: update for id - 122  {"requestId":"f93080f97e7407821cb01ae33613db09"}
2018-09-04T10:28:10+02:00 INFO (6): Metaform\Controller\MetaformController: delete for id - 122 {"requestId":"f93080f97e7407821cb01ae33613db09"}
2018-09-04T10:28:10+02:00 INFO (6): Metaform\Controller\MetaformController: delete for id - 122 {"requestId":"f93080f97e7407821cb01ae33613db09"}
2018-09-04T10:28:29+02:00 INFO (6): Metaform\Controller\MetafieldController: getList {"requestId":"59c167ec9a8c640f9ba0c5424103d4e1"}
2018-09-04T10:28:29+02:00 INFO (6): Metaform\Controller\MetafieldController: get for id - 122 {"requestId":"59c167ec9a8c640f9ba0c5424103d4e1"}
2018-09-04T10:28:29+02:00 INFO (6): Metaform\Controller\MetafieldController: get for id - 122 {"requestId":"59c167ec9a8c640f9ba0c5424103d4e1"}
2018-09-04T10:28:29+02:00 INFO (6): Metaform\Controller\MetafieldController: create -  {"requestId":"59c167ec9a8c640f9ba0c5424103d4e1"}
2018-09-04T10:28:29+02:00 INFO (6): Metaform\Controller\MetafieldController: create -  {"requestId":"59c167ec9a8c640f9ba0c5424103d4e1"}
2018-09-04T10:28:29+02:00 INFO (6): Metaform\Controller\MetafieldController: create -  {"requestId":"59c167ec9a8c640f9ba0c5424103d4e1"}
2018-09-04T10:28:29+02:00 INFO (6): Metaform\Controller\MetafieldController: update for id - 122  {"requestId":"59c167ec9a8c640f9ba0c5424103d4e1"}
2018-09-04T10:28:29+02:00 INFO (6): Metaform\Controller\MetafieldController: update for id - 122  {"requestId":"59c167ec9a8c640f9ba0c5424103d4e1"}
2018-09-04T10:28:29+02:00 INFO (6): Metaform\Controller\MetafieldController: update for id - 122  {"requestId":"59c167ec9a8c640f9ba0c5424103d4e1"}
2018-09-04T10:28:29+02:00 INFO (6): Metaform\Controller\MetafieldController: update for id - 122  {"requestId":"59c167ec9a8c640f9ba0c5424103d4e1"}
2018-09-04T10:28:29+02:00 INFO (6): Metaform\Controller\MetafieldController: delete for id - 122 {"requestId":"59c167ec9a8c640f9ba0c5424103d4e1"}
2018-09-04T10:28:29+02:00 INFO (6): Metaform\Controller\MetafieldController: delete for id - 122 {"requestId":"59c167ec9a8c640f9ba0c5424103d4e1"}
2018-09-04T10:28:29+02:00 INFO (6): Metaform\Controller\MetaformController: getList {"requestId":"59c167ec9a8c640f9ba0c5424103d4e1"}
2018-09-04T10:28:29+02:00 INFO (6): Metaform\Controller\MetaformController: get for id - 122 {"requestId":"59c167ec9a8c640f9ba0c5424103d4e1"}
2018-09-04T10:28:29+02:00 INFO (6): Metaform\Controller\MetaformController: get for id - 122 {"requestId":"59c167ec9a8c640f9ba0c5424103d4e1"}
2018-09-04T10:28:29+02:00 INFO (6): Metaform\Controller\MetaformController: create -  {"requestId":"59c167ec9a8c640f9ba0c5424103d4e1"}
2018-09-04T10:28:29+02:00 INFO (6): Metaform\Controller\MetaformController: create -  {"requestId":"59c167ec9a8c640f9ba0c5424103d4e1"}
2018-09-04T10:28:29+02:00 INFO (6): Metaform\Controller\MetaformController: update for id - 122  {"requestId":"59c167ec9a8c640f9ba0c5424103d4e1"}
2018-09-04T10:28:29+02:00 INFO (6): Metaform\Controller\MetaformController: update for id - 122  {"requestId":"59c167ec9a8c640f9ba0c5424103d4e1"}
2018-09-04T10:28:29+02:00 INFO (6): Metaform\Controller\MetaformController: update for id - 122  {"requestId":"59c167ec9a8c640f9ba0c5424103d4e1"}
2018-09-04T10:28:29+02:00 INFO (6): Metaform\Controller\MetaformController: delete for id - 122 {"requestId":"59c167ec9a8c640f9ba0c5424103d4e1"}
2018-09-04T10:28:29+02:00 INFO (6): Metaform\Controller\MetaformController: delete for id - 122 {"requestId":"59c167ec9a8c640f9ba0c5424103d4e1"}
2018-09-04T10:29:10+02:00 INFO (6): Metaform\Controller\MetafieldController: getList {"requestId":"efa963fcb120a17f9d7ee5510d3e1b28"}
2018-09-04T10:29:40+02:00 INFO (6): Metaform\Controller\MetafieldController: getList {"requestId":"c5cfbcc0b4665047b1c02c942721e272"}
2018-09-04T10:29:41+02:00 INFO (6): Metaform\Controller\MetafieldController: get for id - 122 {"requestId":"c5cfbcc0b4665047b1c02c942721e272"}
2018-09-04T10:29:41+02:00 INFO (6): Metaform\Controller\MetafieldController: get for id - 122 {"requestId":"c5cfbcc0b4665047b1c02c942721e272"}
2018-09-04T10:29:41+02:00 INFO (6): Metaform\Controller\MetafieldController: create -  {"requestId":"c5cfbcc0b4665047b1c02c942721e272"}
2018-09-04T10:29:41+02:00 INFO (6): Metaform\Controller\MetafieldController: create -  {"requestId":"c5cfbcc0b4665047b1c02c942721e272"}
2018-09-04T10:29:41+02:00 INFO (6): Metaform\Controller\MetafieldController: create -  {"requestId":"c5cfbcc0b4665047b1c02c942721e272"}
2018-09-04T10:29:41+02:00 INFO (6): Metaform\Controller\MetafieldController: update for id - 122  {"requestId":"c5cfbcc0b4665047b1c02c942721e272"}
2018-09-04T10:29:41+02:00 INFO (6): Metaform\Controller\MetafieldController: update for id - 122  {"requestId":"c5cfbcc0b4665047b1c02c942721e272"}
2018-09-04T10:29:41+02:00 INFO (6): Metaform\Controller\MetafieldController: update for id - 122  {"requestId":"c5cfbcc0b4665047b1c02c942721e272"}
2018-09-04T10:29:41+02:00 INFO (6): Metaform\Controller\MetafieldController: update for id - 122  {"requestId":"c5cfbcc0b4665047b1c02c942721e272"}
2018-09-04T10:29:41+02:00 INFO (6): Metaform\Controller\MetafieldController: delete for id - 122 {"requestId":"c5cfbcc0b4665047b1c02c942721e272"}
2018-09-04T10:29:41+02:00 INFO (6): Metaform\Controller\MetafieldController: delete for id - 122 {"requestId":"c5cfbcc0b4665047b1c02c942721e272"}
2018-09-04T10:29:41+02:00 INFO (6): Metaform\Controller\MetaformController: getList {"requestId":"c5cfbcc0b4665047b1c02c942721e272"}
2018-09-04T10:29:41+02:00 INFO (6): Metaform\Controller\MetaformController: get for id - 122 {"requestId":"c5cfbcc0b4665047b1c02c942721e272"}
2018-09-04T10:29:41+02:00 INFO (6): Metaform\Controller\MetaformController: get for id - 122 {"requestId":"c5cfbcc0b4665047b1c02c942721e272"}
2018-09-04T10:29:41+02:00 INFO (6): Metaform\Controller\MetaformController: create -  {"requestId":"c5cfbcc0b4665047b1c02c942721e272"}
2018-09-04T10:29:41+02:00 INFO (6): Metaform\Controller\MetaformController: create -  {"requestId":"c5cfbcc0b4665047b1c02c942721e272"}
2018-09-04T10:29:41+02:00 INFO (6): Metaform\Controller\MetaformController: update for id - 122  {"requestId":"c5cfbcc0b4665047b1c02c942721e272"}
2018-09-04T10:29:41+02:00 INFO (6): Metaform\Controller\MetaformController: update for id - 122  {"requestId":"c5cfbcc0b4665047b1c02c942721e272"}
2018-09-04T10:29:41+02:00 INFO (6): Metaform\Controller\MetaformController: update for id - 122  {"requestId":"c5cfbcc0b4665047b1c02c942721e272"}
2018-09-04T10:29:41+02:00 INFO (6): Metaform\Controller\MetaformController: delete for id - 122 {"requestId":"c5cfbcc0b4665047b1c02c942721e272"}
2018-09-04T10:29:41+02:00 INFO (6): Metaform\Controller\MetaformController: delete for id - 122 {"requestId":"c5cfbcc0b4665047b1c02c942721e272"}
2018-09-04T10:33:10+02:00 INFO (6): Metaform\Controller\MetafieldController: getList {"requestId":"aefa869e9741c8fdf6d594ae454655c9"}
2018-09-04T10:33:10+02:00 INFO (6): Metaform\Controller\MetafieldController: get for id - 122 {"requestId":"aefa869e9741c8fdf6d594ae454655c9"}
2018-09-04T10:33:10+02:00 INFO (6): Metaform\Controller\MetafieldController: get for id - 122 {"requestId":"aefa869e9741c8fdf6d594ae454655c9"}
2018-09-04T10:33:10+02:00 INFO (6): Metaform\Controller\MetafieldController: create -  {"requestId":"aefa869e9741c8fdf6d594ae454655c9"}
2018-09-04T10:33:10+02:00 INFO (6): Metaform\Controller\MetafieldController: create -  {"requestId":"aefa869e9741c8fdf6d594ae454655c9"}
2018-09-04T10:33:10+02:00 INFO (6): Metaform\Controller\MetafieldController: create -  {"requestId":"aefa869e9741c8fdf6d594ae454655c9"}
2018-09-04T10:33:10+02:00 INFO (6): Metaform\Controller\MetafieldController: update for id - 122  {"requestId":"aefa869e9741c8fdf6d594ae454655c9"}
2018-09-04T10:33:10+02:00 INFO (6): Metaform\Controller\MetafieldController: update for id - 122  {"requestId":"aefa869e9741c8fdf6d594ae454655c9"}
2018-09-04T10:33:10+02:00 INFO (6): Metaform\Controller\MetafieldController: update for id - 122  {"requestId":"aefa869e9741c8fdf6d594ae454655c9"}
2018-09-04T10:33:10+02:00 INFO (6): Metaform\Controller\MetafieldController: update for id - 122  {"requestId":"aefa869e9741c8fdf6d594ae454655c9"}
2018-09-04T10:33:10+02:00 INFO (6): Metaform\Controller\MetafieldController: delete for id - 122 {"requestId":"aefa869e9741c8fdf6d594ae454655c9"}
2018-09-04T10:33:10+02:00 INFO (6): Metaform\Controller\MetafieldController: delete for id - 122 {"requestId":"aefa869e9741c8fdf6d594ae454655c9"}
2018-09-04T10:33:10+02:00 INFO (6): Metaform\Controller\MetaformController: getList {"requestId":"aefa869e9741c8fdf6d594ae454655c9"}
2018-09-04T10:33:10+02:00 INFO (6): Metaform\Controller\MetaformController: get for id - 122 {"requestId":"aefa869e9741c8fdf6d594ae454655c9"}
2018-09-04T10:33:10+02:00 INFO (6): Metaform\Controller\MetaformController: get for id - 122 {"requestId":"aefa869e9741c8fdf6d594ae454655c9"}
2018-09-04T10:33:10+02:00 INFO (6): Metaform\Controller\MetaformController: create -  {"requestId":"aefa869e9741c8fdf6d594ae454655c9"}
2018-09-04T10:33:59+02:00 INFO (6): Metaform\Controller\MetafieldController: getList {"requestId":"214726109bcb10f3fa8ddcd0fe6071f8"}
2018-09-04T10:33:59+02:00 INFO (6): Metaform\Controller\MetafieldController: get for id - 122 {"requestId":"214726109bcb10f3fa8ddcd0fe6071f8"}
2018-09-04T10:33:59+02:00 INFO (6): Metaform\Controller\MetafieldController: get for id - 122 {"requestId":"214726109bcb10f3fa8ddcd0fe6071f8"}
2018-09-04T10:33:59+02:00 INFO (6): Metaform\Controller\MetafieldController: create -  {"requestId":"214726109bcb10f3fa8ddcd0fe6071f8"}
2018-09-04T10:33:59+02:00 INFO (6): Metaform\Controller\MetafieldController: create -  {"requestId":"214726109bcb10f3fa8ddcd0fe6071f8"}
2018-09-04T10:33:59+02:00 INFO (6): Metaform\Controller\MetafieldController: create -  {"requestId":"214726109bcb10f3fa8ddcd0fe6071f8"}
2018-09-04T10:33:59+02:00 INFO (6): Metaform\Controller\MetafieldController: update for id - 122  {"requestId":"214726109bcb10f3fa8ddcd0fe6071f8"}
2018-09-04T10:33:59+02:00 INFO (6): Metaform\Controller\MetafieldController: update for id - 122  {"requestId":"214726109bcb10f3fa8ddcd0fe6071f8"}
2018-09-04T10:33:59+02:00 INFO (6): Metaform\Controller\MetafieldController: update for id - 122  {"requestId":"214726109bcb10f3fa8ddcd0fe6071f8"}
2018-09-04T10:33:59+02:00 INFO (6): Metaform\Controller\MetafieldController: update for id - 122  {"requestId":"214726109bcb10f3fa8ddcd0fe6071f8"}
2018-09-04T10:33:59+02:00 INFO (6): Metaform\Controller\MetafieldController: delete for id - 122 {"requestId":"214726109bcb10f3fa8ddcd0fe6071f8"}
2018-09-04T10:33:59+02:00 INFO (6): Metaform\Controller\MetafieldController: delete for id - 122 {"requestId":"214726109bcb10f3fa8ddcd0fe6071f8"}
2018-09-04T10:33:59+02:00 INFO (6): Metaform\Controller\MetaformController: getList {"requestId":"214726109bcb10f3fa8ddcd0fe6071f8"}
2018-09-04T10:33:59+02:00 INFO (6): Metaform\Controller\MetaformController: get for id - 122 {"requestId":"214726109bcb10f3fa8ddcd0fe6071f8"}
2018-09-04T10:33:59+02:00 INFO (6): Metaform\Controller\MetaformController: get for id - 122 {"requestId":"214726109bcb10f3fa8ddcd0fe6071f8"}
2018-09-04T10:33:59+02:00 INFO (6): Metaform\Controller\MetaformController: create -  {"requestId":"214726109bcb10f3fa8ddcd0fe6071f8"}
2018-09-04T10:33:59+02:00 INFO (6): Metaform\Controller\MetaformController: create -  {"requestId":"214726109bcb10f3fa8ddcd0fe6071f8"}
2018-09-04T10:33:59+02:00 INFO (6): Metaform\Controller\MetaformController: update for id - 122  {"requestId":"214726109bcb10f3fa8ddcd0fe6071f8"}
2018-09-04T10:33:59+02:00 INFO (6): Metaform\Controller\MetaformController: update for id - 122  {"requestId":"214726109bcb10f3fa8ddcd0fe6071f8"}
2018-09-04T10:33:59+02:00 INFO (6): Metaform\Controller\MetaformController: update for id - 122  {"requestId":"214726109bcb10f3fa8ddcd0fe6071f8"}
2018-09-04T10:33:59+02:00 INFO (6): Metaform\Controller\MetaformController: delete for id - 122 {"requestId":"214726109bcb10f3fa8ddcd0fe6071f8"}
2018-09-04T10:33:59+02:00 INFO (6): Metaform\Controller\MetaformController: delete for id - 122 {"requestId":"214726109bcb10f3fa8ddcd0fe6071f8"}
2018-09-04T10:35:04+02:00 INFO (6): Metaform\Controller\MetafieldController: getList {"requestId":"53a4c4962a6fcc860e8429c1b14d4bdf"}
2018-09-04T10:35:04+02:00 INFO (6): Metaform\Controller\MetafieldController: get for id - 122 {"requestId":"53a4c4962a6fcc860e8429c1b14d4bdf"}
2018-09-04T10:35:04+02:00 INFO (6): Metaform\Controller\MetafieldController: get for id - 122 {"requestId":"53a4c4962a6fcc860e8429c1b14d4bdf"}
2018-09-04T10:35:04+02:00 INFO (6): Metaform\Controller\MetafieldController: create -  {"requestId":"53a4c4962a6fcc860e8429c1b14d4bdf"}
2018-09-04T10:35:04+02:00 INFO (6): Metaform\Controller\MetafieldController: create -  {"requestId":"53a4c4962a6fcc860e8429c1b14d4bdf"}
2018-09-04T10:35:04+02:00 INFO (6): Metaform\Controller\MetafieldController: create -  {"requestId":"53a4c4962a6fcc860e8429c1b14d4bdf"}
2018-09-04T10:35:04+02:00 INFO (6): Metaform\Controller\MetafieldController: update for id - 122  {"requestId":"53a4c4962a6fcc860e8429c1b14d4bdf"}
2018-09-04T10:35:04+02:00 INFO (6): Metaform\Controller\MetafieldController: update for id - 122  {"requestId":"53a4c4962a6fcc860e8429c1b14d4bdf"}
2018-09-04T10:35:04+02:00 INFO (6): Metaform\Controller\MetafieldController: update for id - 122  {"requestId":"53a4c4962a6fcc860e8429c1b14d4bdf"}
2018-09-04T10:35:04+02:00 INFO (6): Metaform\Controller\MetafieldController: update for id - 122  {"requestId":"53a4c4962a6fcc860e8429c1b14d4bdf"}
2018-09-04T10:35:04+02:00 INFO (6): Metaform\Controller\MetafieldController: delete for id - 122 {"requestId":"53a4c4962a6fcc860e8429c1b14d4bdf"}
2018-09-04T10:35:04+02:00 INFO (6): Metaform\Controller\MetafieldController: delete for id - 122 {"requestId":"53a4c4962a6fcc860e8429c1b14d4bdf"}
2018-09-04T10:35:04+02:00 INFO (6): Metaform\Controller\MetaformController: getList {"requestId":"53a4c4962a6fcc860e8429c1b14d4bdf"}
2018-09-04T10:35:04+02:00 INFO (6): Metaform\Controller\MetaformController: get for id - 122 {"requestId":"53a4c4962a6fcc860e8429c1b14d4bdf"}
2018-09-04T10:35:04+02:00 INFO (6): Metaform\Controller\MetaformController: get for id - 122 {"requestId":"53a4c4962a6fcc860e8429c1b14d4bdf"}
2018-09-04T10:35:04+02:00 INFO (6): Metaform\Controller\MetaformController: create -  {"requestId":"53a4c4962a6fcc860e8429c1b14d4bdf"}
2018-09-04T10:35:04+02:00 INFO (6): Metaform\Controller\MetaformController: create -  {"requestId":"53a4c4962a6fcc860e8429c1b14d4bdf"}
2018-09-04T10:35:04+02:00 INFO (6): Metaform\Controller\MetaformController: update for id - 122  {"requestId":"53a4c4962a6fcc860e8429c1b14d4bdf"}
2018-09-04T10:35:04+02:00 INFO (6): Metaform\Controller\MetaformController: update for id - 122  {"requestId":"53a4c4962a6fcc860e8429c1b14d4bdf"}
2018-09-04T10:35:04+02:00 INFO (6): Metaform\Controller\MetaformController: update for id - 122  {"requestId":"53a4c4962a6fcc860e8429c1b14d4bdf"}
2018-09-04T10:35:04+02:00 INFO (6): Metaform\Controller\MetaformController: delete for id - 122 {"requestId":"53a4c4962a6fcc860e8429c1b14d4bdf"}
2018-09-04T10:35:04+02:00 INFO (6): Metaform\Controller\MetaformController: delete for id - 122 {"requestId":"53a4c4962a6fcc860e8429c1b14d4bdf"}
